camerarecorder/build/intermediates/manifest_merge_blame_file/debug/manifest-merger-blame-debug-report.txt
1<?xml version="1.0" encoding="utf-8"?>
2<manifest xmlns:android="http://schemas.android.com/apk/res/android"
3    package="com.daasuu.camerarecorder"
4    android:versionCode="1"
5    android:versionName="0.1.5" >
6
7    <uses-sdk
8        android:minSdkVersion="21"
8-->src\main\AndroidManifest.xml
9        android:targetSdkVersion="28" />
9-->src\main\AndroidManifest.xml
10
11    <uses-feature android:name="android.hardware.camera" />
11-->src\main\AndroidManifest.xml:4:5-60
11-->src\main\AndroidManifest.xml:4:19-57
12    <uses-feature android:name="android.hardware.camera.autofocus" />
12-->src\main\AndroidManifest.xml:5:5-70
12-->src\main\AndroidManifest.xml:5:19-67
13
14    <uses-permission android:name="android.permission.CAMERA" />
14-->src\main\AndroidManifest.xml:6:5-65
14-->src\main\AndroidManifest.xml:6:22-62
15    <uses-permission android:name="android.permission.WRITE_EXTERNAL_STORAGE" />
15-->src\main\AndroidManifest.xml:7:5-81
15-->src\main\AndroidManifest.xml:7:22-78
16    <uses-permission android:name="android.permission.RECORD_AUDIO" />
16-->src\main\AndroidManifest.xml:8:5-71
16-->src\main\AndroidManifest.xml:8:22-68
17
18    <application
18-->src\main\AndroidManifest.xml:9:5-43:19
19        android:allowBackup="true"
19-->src\main\AndroidManifest.xml:10:9-35
20        android:label="@string/app_name"
20-->src\main\AndroidManifest.xml:11:9-41
21        android:supportsRtl="true"
21-->src\main\AndroidManifest.xml:12:9-35
22        android:theme="@style/AppTheme" >
22-->src\main\AndroidManifest.xml:13:9-40
23        <activity
23-->src\main\AndroidManifest.xml:14:9-17:20
24            android:name="com.daasuu.camerarecorder.VideoProcessActivity"
24-->src\main\AndroidManifest.xml:15:13-74
25            android:screenOrientation="portrait" >
25-->src\main\AndroidManifest.xml:16:13-49
26        </activity>
27        <activity
27-->src\main\AndroidManifest.xml:18:9-20:51
28            android:name="com.daasuu.camerarecorder.PortrateActivity"
28-->src\main\AndroidManifest.xml:19:13-70
29            android:screenOrientation="portrait" />
29-->src\main\AndroidManifest.xml:20:13-49
30        <activity android:name="com.daasuu.camerarecorder.SquareActivity" />
30-->src\main\AndroidManifest.xml:21:9-77
30-->src\main\AndroidManifest.xml:21:19-74
31        <activity
31-->src\main\AndroidManifest.xml:22:9-24:52
32            android:name="com.daasuu.camerarecorder.LandscapeActivity"
32-->src\main\AndroidManifest.xml:23:13-71
33            android:screenOrientation="portrait" />
33-->src\main\AndroidManifest.xml:24:13-49
34        <activity
34-->src\main\AndroidManifest.xml:25:9-27:52
35            android:name="com.daasuu.camerarecorder.CameraMainActivity"
35-->src\main\AndroidManifest.xml:26:13-72
36            android:screenOrientation="portrait" />
36-->src\main\AndroidManifest.xml:27:13-49
37        <activity
37-->src\main\AndroidManifest.xml:28:9-30:52
38            android:name="com.daasuu.camerarecorder.FastAndSlowVideoMotionActivity"
38-->src\main\AndroidManifest.xml:29:13-84
39            android:screenOrientation="portrait" />
39-->src\main\AndroidManifest.xml:30:13-49
40        <activity
40-->src\main\AndroidManifest.xml:31:9-33:52
41            android:name="com.daasuu.camerarecorder.CombineImagesActivity"
41-->src\main\AndroidManifest.xml:32:13-75
42            android:screenOrientation="portrait" />
42-->src\main\AndroidManifest.xml:33:13-49
43        <activity
43-->src\main\AndroidManifest.xml:34:9-36:52
44            android:name="com.daasuu.camerarecorder.ExtractAudioActivity"
44-->src\main\AndroidManifest.xml:35:13-74
45            android:screenOrientation="portrait" />
45-->src\main\AndroidManifest.xml:36:13-49
46        <activity
46-->src\main\AndroidManifest.xml:37:9-39:52
47            android:name="com.daasuu.camerarecorder.AddTextOnVideoActivity"
47-->src\main\AndroidManifest.xml:38:13-76
48            android:screenOrientation="portrait" />
48-->src\main\AndroidManifest.xml:39:13-49
49        <activity
49-->src\main\AndroidManifest.xml:40:9-42:52
50            android:name="com.daasuu.camerarecorder.ReverseVideoActivity"
50-->src\main\AndroidManifest.xml:41:13-74
51            android:screenOrientation="portrait" />
51-->src\main\AndroidManifest.xml:42:13-49
52    </application>
53
54</manifest>